

*******************************************************************************
Wed Jun  3 23:16:26 2020


FIT:    data read from '0.csv' u 2:(1/$1)
        format = x:z
        #datapoints = 1634
        residuals are weighted equally (unit weight)

function used for fitting: r(x)
	r(x)=a+b*x
BREAK: Need via and either parameter list or file

*******************************************************************************
Wed Jun  3 23:16:32 2020


FIT:    data read from '0.csv' u 2:(1/$1)
        format = x:z
        #datapoints = 1634
        residuals are weighted equally (unit weight)

function used for fitting: r(x)
	r(x)=a+b*x
fitted parameters initialized with current variable values

iter      chisq       delta/lim  lambda   a             b            
   0 3.7618278386e+05   0.00e+00  1.06e+01    1.000000e+00   1.000000e+00
   4 2.3676010719e-02  -2.38e-06  1.06e-03    7.387400e-02   3.881828e-02

After 4 iterations the fit converged.
final sum of squares of residuals : 0.023676
rel. change during last iteration : -2.38455e-11

degrees of freedom    (FIT_NDF)                        : 1632
rms of residuals      (FIT_STDFIT) = sqrt(WSSR/ndf)    : 0.00380885
variance of residuals (reduced chisquare) = WSSR/ndf   : 1.45074e-05

Final set of parameters            Asymptotic Standard Error
=======================            ==========================
a               = 0.073874         +/- 0.0002347    (0.3177%)
b               = 0.0388183        +/- 1.575e-05    (0.04058%)

correlation matrix of the fit parameters:
                a      b      
a               1.000 
b              -0.916  1.000 


*******************************************************************************
Wed Jun  3 23:39:39 2020


FIT:    data read from '0.csv' u 2:(1/$1)
        format = x:z
        #datapoints = 1634
        residuals are weighted equally (unit weight)

function used for fitting: r(x)
	r(x)=a+b*x
fitted parameters initialized with current variable values

iter      chisq       delta/lim  lambda   a             b            
   0 2.3676010719e-02   0.00e+00  4.12e-01    7.387400e-02   3.881828e-02
   1 2.3676010719e-02  -1.47e-10  4.12e-02    7.387400e-02   3.881828e-02

After 1 iterations the fit converged.
final sum of squares of residuals : 0.023676
rel. change during last iteration : -1.46538e-15

degrees of freedom    (FIT_NDF)                        : 1632
rms of residuals      (FIT_STDFIT) = sqrt(WSSR/ndf)    : 0.00380885
variance of residuals (reduced chisquare) = WSSR/ndf   : 1.45074e-05

Final set of parameters            Asymptotic Standard Error
=======================            ==========================
a               = 0.073874         +/- 0.0002347    (0.3177%)
b               = 0.0388183        +/- 1.575e-05    (0.04058%)

correlation matrix of the fit parameters:
                a      b      
a               1.000 
b              -0.916  1.000 
